[2024-06-01T07:21:26.031Z] [32minfo[39m: 	[32mMongoDB connected[39m
[2024-06-01T07:21:26.079Z] [32minfo[39m: 	[32mSuccessfully connected to MongoDB[39m
[2024-06-01T07:21:26.171Z] [32minfo[39m: 	[32mServer is listening on port: 3003[39m
[2024-06-05T01:53:59.884Z] [32minfo[39m: 	[32mMongoDB connected[39m
[2024-06-05T01:53:59.889Z] [32minfo[39m: 	[32mSuccessfully connected to MongoDB[39m
[2024-06-05T01:53:59.894Z] [32minfo[39m: 	[32mServer is listening on port: 3003[39m
[2024-06-05T01:55:01.958Z] [34mdebug[39m: 	[34mrequest received: [39m
[2024-06-05T01:55:01.977Z] [32minfo[39m: 	[32mresponse sent[39m
[2024-06-05T01:59:38.621Z] [34mdebug[39m: 	[34mrequest received: [39m
[2024-06-05T01:59:38.655Z] [32minfo[39m: 	[32mresponse sent[39m
[2024-06-05T02:01:25.326Z] [34mdebug[39m: 	[34mrequest received: [39m
[2024-06-05T02:01:25.334Z] [32minfo[39m: 	[32mresponse sent[39m
[2024-06-05T02:01:32.679Z] [34mdebug[39m: 	[34mrequest received: [39m
[2024-06-05T02:01:32.689Z] [32minfo[39m: 	[32mresponse sent[39m
[2024-06-05T02:01:53.055Z] [34mdebug[39m: 	[34mrequest received: [39m
[2024-06-05T02:01:53.059Z] [32minfo[39m: 	[32mresponse sent[39m
[2024-06-05T02:02:20.009Z] [34mdebug[39m: 	[34mrequest received: [39m
[2024-06-05T02:02:20.017Z] [32minfo[39m: 	[32mresponse sent[39m
[2024-06-05T02:02:29.713Z] [34mdebug[39m: 	[34mrequest received: [39m
[2024-06-05T02:02:29.720Z] [32minfo[39m: 	[32mresponse sent[39m
[2024-06-05T02:03:04.112Z] [34mdebug[39m: 	[34mrequest received: [39m
[2024-06-05T02:03:04.122Z] [32minfo[39m: 	[32mresponse sent[39m
[2024-06-05T02:03:11.439Z] [34mdebug[39m: 	[34mrequest received: [39m
[2024-06-05T02:03:11.462Z] [32minfo[39m: 	[32mresponse sent[39m
[2024-06-05T02:03:22.738Z] [34mdebug[39m: 	[34mrequest received: [39m
[2024-06-05T02:03:22.747Z] [32minfo[39m: 	[32mresponse sent[39m
[2024-06-05T02:03:31.744Z] [34mdebug[39m: 	[34mrequest received: [39m
[2024-06-05T02:03:31.753Z] [32minfo[39m: 	[32mresponse sent[39m
[2024-06-05T02:03:37.715Z] [34mdebug[39m: 	[34mrequest received: [39m
[2024-06-05T02:03:37.722Z] [32minfo[39m: 	[32mresponse sent[39m
[2024-06-05T02:04:14.581Z] [34mdebug[39m: 	[34mrequest received: [39m
[2024-06-05T02:04:14.587Z] [32minfo[39m: 	[32mresponse sent[39m
[2024-06-05T02:04:35.691Z] [34mdebug[39m: 	[34mrequest received: [39m
[2024-06-05T02:04:35.697Z] [32minfo[39m: 	[32mresponse sent[39m
[2024-06-05T02:05:13.319Z] [34mdebug[39m: 	[34mrequest received: [39m
[2024-06-05T02:05:13.324Z] [32minfo[39m: 	[32mresponse sent[39m
[2024-06-05T02:05:17.064Z] [34mdebug[39m: 	[34mrequest received: [39m
[2024-06-05T02:05:17.071Z] [32minfo[39m: 	[32mresponse sent[39m
[2024-06-05T02:05:43.073Z] [34mdebug[39m: 	[34mrequest received: [39m
[2024-06-05T02:05:43.079Z] [32minfo[39m: 	[32mresponse sent[39m
[2024-06-05T02:06:00.654Z] [34mdebug[39m: 	[34mrequest received: [39m
[2024-06-05T02:06:00.660Z] [32minfo[39m: 	[32mresponse sent[39m
[2024-06-05T02:06:45.543Z] [34mdebug[39m: 	[34mrequest received: [39m
[2024-06-05T02:06:45.549Z] [32minfo[39m: 	[32mresponse sent[39m
[2024-06-05T02:06:47.096Z] [34mdebug[39m: 	[34mrequest received: [39m
[2024-06-05T02:06:47.103Z] [32minfo[39m: 	[32mresponse sent[39m
[2024-06-05T02:07:03.213Z] [34mdebug[39m: 	[34mrequest received: [39m
[2024-06-05T02:07:03.220Z] [32minfo[39m: 	[32mresponse sent[39m
[2024-06-05T02:07:04.729Z] [34mdebug[39m: 	[34mrequest received: [39m
[2024-06-05T02:07:04.735Z] [32minfo[39m: 	[32mresponse sent[39m
[2024-06-05T02:07:40.821Z] [34mdebug[39m: 	[34mrequest received: [39m
[2024-06-05T02:07:40.826Z] [32minfo[39m: 	[32mresponse sent[39m
[2024-06-05T02:07:59.979Z] [34mdebug[39m: 	[34mrequest received: [39m
[2024-06-05T02:07:59.984Z] [32minfo[39m: 	[32mresponse sent[39m
[2024-06-05T02:08:59.933Z] [34mdebug[39m: 	[34mrequest received: [39m
[2024-06-05T02:08:59.938Z] [32minfo[39m: 	[32mresponse sent[39m
[2024-06-05T02:09:20.365Z] [34mdebug[39m: 	[34mrequest received: [39m
[2024-06-05T02:09:20.371Z] [32minfo[39m: 	[32mresponse sent[39m
[2024-06-05T02:09:49.105Z] [34mdebug[39m: 	[34mrequest received: [39m
[2024-06-05T02:09:49.110Z] [32minfo[39m: 	[32mresponse sent[39m
[2024-06-05T02:09:50.576Z] [34mdebug[39m: 	[34mrequest received: [39m
[2024-06-05T02:09:50.582Z] [32minfo[39m: 	[32mresponse sent[39m
[2024-06-05T02:10:06.010Z] [34mdebug[39m: 	[34mrequest received: [39m
[2024-06-05T02:10:06.016Z] [32minfo[39m: 	[32mresponse sent[39m
[2024-06-05T02:10:21.830Z] [34mdebug[39m: 	[34mrequest received: [39m
[2024-06-05T02:10:21.841Z] [32minfo[39m: 	[32mresponse sent[39m
[2024-06-05T02:10:37.019Z] [34mdebug[39m: 	[34mrequest received: [39m
[2024-06-05T02:10:37.024Z] [32minfo[39m: 	[32mresponse sent[39m
[2024-06-05T02:11:39.439Z] [34mdebug[39m: 	[34mrequest received: [39m
[2024-06-05T02:11:39.445Z] [32minfo[39m: 	[32mresponse sent[39m
[2024-06-05T02:12:11.581Z] [34mdebug[39m: 	[34mrequest received: [39m
[2024-06-05T02:12:11.588Z] [32minfo[39m: 	[32mresponse sent[39m
[2024-06-05T02:12:22.421Z] [34mdebug[39m: 	[34mrequest received: [39m
[2024-06-05T02:12:22.426Z] [32minfo[39m: 	[32mresponse sent[39m
[2024-06-05T02:12:24.844Z] [34mdebug[39m: 	[34mrequest received: [39m
[2024-06-05T02:12:24.856Z] [32minfo[39m: 	[32mresponse sent[39m
[2024-06-05T02:12:36.765Z] [34mdebug[39m: 	[34mrequest received: [39m
[2024-06-05T02:12:36.770Z] [32minfo[39m: 	[32mresponse sent[39m
[2024-06-05T02:12:44.270Z] [34mdebug[39m: 	[34mrequest received: [39m
[2024-06-05T02:12:44.277Z] [32minfo[39m: 	[32mresponse sent[39m
[2024-06-05T02:12:53.247Z] [34mdebug[39m: 	[34mrequest received: [39m
[2024-06-05T02:12:53.252Z] [32minfo[39m: 	[32mresponse sent[39m
[2024-06-05T02:13:16.151Z] [34mdebug[39m: 	[34mrequest received: [39m
[2024-06-05T02:13:16.168Z] [32minfo[39m: 	[32mresponse sent[39m
[2024-06-05T02:13:16.193Z] [34mdebug[39m: 	[34mrequest received: [39m
[2024-06-05T02:13:16.200Z] [32minfo[39m: 	[32mresponse sent[39m
[2024-06-05T02:13:41.444Z] [34mdebug[39m: 	[34mrequest received: [39m
[2024-06-05T02:13:41.450Z] [32minfo[39m: 	[32mresponse sent[39m
[2024-06-05T02:14:00.535Z] [34mdebug[39m: 	[34mrequest received: [39m
[2024-06-05T02:14:00.541Z] [32minfo[39m: 	[32mresponse sent[39m
[2024-06-05T02:14:00.571Z] [34mdebug[39m: 	[34mrequest received: [39m
[2024-06-05T02:14:00.575Z] [32minfo[39m: 	[32mresponse sent[39m
[2024-06-05T02:14:10.541Z] [34mdebug[39m: 	[34mrequest received: [39m
[2024-06-05T02:14:10.548Z] [32minfo[39m: 	[32mresponse sent[39m
[2024-06-05T02:17:15.009Z] [34mdebug[39m: 	[34mrequest received: [39m
[2024-06-05T02:17:15.027Z] [32minfo[39m: 	[32mresponse sent[39m
[2024-06-05T02:17:16.656Z] [34mdebug[39m: 	[34mrequest received: [39m
[2024-06-05T02:17:16.665Z] [32minfo[39m: 	[32mresponse sent[39m
[2024-06-05T02:17:17.439Z] [34mdebug[39m: 	[34mrequest received: [39m
[2024-06-05T02:17:17.447Z] [32minfo[39m: 	[32mresponse sent[39m
[2024-06-05T02:18:27.334Z] [34mdebug[39m: 	[34mrequest received: [39m
[2024-06-05T02:18:27.338Z] [32minfo[39m: 	[32mresponse sent[39m
[2024-06-05T02:18:44.764Z] [34mdebug[39m: 	[34mrequest received: [39m
[2024-06-05T02:18:44.769Z] [32minfo[39m: 	[32mresponse sent[39m
[2024-06-05T02:18:46.360Z] [34mdebug[39m: 	[34mrequest received: [39m
[2024-06-05T02:18:46.364Z] [32minfo[39m: 	[32mresponse sent[39m
[2024-06-05T02:18:56.136Z] [34mdebug[39m: 	[34mrequest received: [39m
[2024-06-05T02:18:56.140Z] [32minfo[39m: 	[32mresponse sent[39m
[2024-06-05T02:19:13.736Z] [34mdebug[39m: 	[34mrequest received: [39m
[2024-06-05T02:19:13.742Z] [32minfo[39m: 	[32mresponse sent[39m
[2024-06-05T02:19:19.553Z] [34mdebug[39m: 	[34mrequest received: [39m
[2024-06-05T02:19:19.558Z] [32minfo[39m: 	[32mresponse sent[39m
[2024-06-05T02:19:21.549Z] [34mdebug[39m: 	[34mrequest received: [39m
[2024-06-05T02:19:21.553Z] [32minfo[39m: 	[32mresponse sent[39m
[2024-06-05T02:19:29.997Z] [34mdebug[39m: 	[34mrequest received: [39m
[2024-06-05T02:19:30.003Z] [32minfo[39m: 	[32mresponse sent[39m
[2024-06-05T02:19:32.877Z] [34mdebug[39m: 	[34mrequest received: [39m
[2024-06-05T02:19:32.883Z] [32minfo[39m: 	[32mresponse sent[39m
[2024-06-05T02:19:35.783Z] [34mdebug[39m: 	[34mrequest received: [39m
[2024-06-05T02:19:35.788Z] [32minfo[39m: 	[32mresponse sent[39m
[2024-06-05T02:19:42.543Z] [34mdebug[39m: 	[34mrequest received: [39m
[2024-06-05T02:19:42.548Z] [32minfo[39m: 	[32mresponse sent[39m
[2024-06-05T02:19:48.113Z] [34mdebug[39m: 	[34mrequest received: [39m
[2024-06-05T02:19:48.117Z] [32minfo[39m: 	[32mresponse sent[39m
[2024-06-05T02:20:29.368Z] [34mdebug[39m: 	[34mrequest received: [39m
[2024-06-05T02:20:29.373Z] [32minfo[39m: 	[32mresponse sent[39m
[2024-06-05T02:20:40.093Z] [34mdebug[39m: 	[34mrequest received: [39m
[2024-06-05T02:20:40.098Z] [32minfo[39m: 	[32mresponse sent[39m
[2024-06-05T02:21:10.744Z] [34mdebug[39m: 	[34mrequest received: [39m
[2024-06-05T02:21:10.750Z] [32minfo[39m: 	[32mresponse sent[39m
[2024-06-05T02:21:14.358Z] [34mdebug[39m: 	[34mrequest received: [39m
[2024-06-05T02:21:14.363Z] [32minfo[39m: 	[32mresponse sent[39m
[2024-06-05T02:21:23.451Z] [34mdebug[39m: 	[34mrequest received: [39m
[2024-06-05T02:21:23.455Z] [32minfo[39m: 	[32mresponse sent[39m
[2024-06-05T02:21:29.989Z] [34mdebug[39m: 	[34mrequest received: [39m
[2024-06-05T02:21:29.995Z] [32minfo[39m: 	[32mresponse sent[39m
[2024-06-05T02:21:35.383Z] [34mdebug[39m: 	[34mrequest received: [39m
[2024-06-05T02:21:35.390Z] [32minfo[39m: 	[32mresponse sent[39m
[2024-06-05T02:21:39.992Z] [34mdebug[39m: 	[34mrequest received: [39m
[2024-06-05T02:21:39.998Z] [32minfo[39m: 	[32mresponse sent[39m
[2024-06-05T02:22:12.629Z] [34mdebug[39m: 	[34mrequest received: [39m
[2024-06-05T02:22:12.634Z] [32minfo[39m: 	[32mresponse sent[39m
[2024-06-05T02:22:16.481Z] [34mdebug[39m: 	[34mrequest received: [39m
[2024-06-05T02:22:16.490Z] [32minfo[39m: 	[32mresponse sent[39m
[2024-06-05T02:22:19.002Z] [34mdebug[39m: 	[34mrequest received: [39m
[2024-06-05T02:22:19.006Z] [32minfo[39m: 	[32mresponse sent[39m
[2024-06-05T02:22:23.812Z] [34mdebug[39m: 	[34mrequest received: [39m
[2024-06-05T02:22:23.818Z] [32minfo[39m: 	[32mresponse sent[39m
[2024-06-05T02:22:32.450Z] [34mdebug[39m: 	[34mrequest received: [39m
[2024-06-05T02:22:32.456Z] [32minfo[39m: 	[32mresponse sent[39m
[2024-06-05T02:22:44.660Z] [34mdebug[39m: 	[34mrequest received: [39m
[2024-06-05T02:22:44.668Z] [32minfo[39m: 	[32mresponse sent[39m
[2024-06-05T02:23:00.905Z] [34mdebug[39m: 	[34mrequest received: [39m
[2024-06-05T02:23:00.911Z] [32minfo[39m: 	[32mresponse sent[39m
[2024-06-05T02:24:59.381Z] [34mdebug[39m: 	[34mrequest received: [39m
[2024-06-05T02:24:59.387Z] [32minfo[39m: 	[32mresponse sent[39m
[2024-06-05T02:25:10.538Z] [34mdebug[39m: 	[34mrequest received: [39m
[2024-06-05T02:25:10.545Z] [32minfo[39m: 	[32mresponse sent[39m
[2024-06-05T02:25:12.624Z] [34mdebug[39m: 	[34mrequest received: [39m
[2024-06-05T02:25:12.629Z] [32minfo[39m: 	[32mresponse sent[39m
[2024-06-05T02:25:41.882Z] [34mdebug[39m: 	[34mrequest received: [39m
[2024-06-05T02:25:41.886Z] [32minfo[39m: 	[32mresponse sent[39m
[2024-06-05T02:25:41.957Z] [34mdebug[39m: 	[34mrequest received: [39m
[2024-06-05T02:25:41.962Z] [32minfo[39m: 	[32mresponse sent[39m
[2024-06-05T02:25:54.386Z] [34mdebug[39m: 	[34mrequest received: [39m
[2024-06-05T02:25:54.397Z] [32minfo[39m: 	[32mresponse sent[39m
[2024-06-05T02:25:59.848Z] [34mdebug[39m: 	[34mrequest received: [39m
[2024-06-05T02:25:59.854Z] [32minfo[39m: 	[32mresponse sent[39m
[2024-06-05T02:26:23.453Z] [34mdebug[39m: 	[34mrequest received: [39m
[2024-06-05T02:26:23.460Z] [32minfo[39m: 	[32mresponse sent[39m
[2024-06-05T02:26:23.569Z] [34mdebug[39m: 	[34mrequest received: [39m
[2024-06-05T02:26:23.574Z] [32minfo[39m: 	[32mresponse sent[39m
[2024-06-05T02:27:15.996Z] [34mdebug[39m: 	[34mrequest received: [39m
[2024-06-05T02:27:16.004Z] [32minfo[39m: 	[32mresponse sent[39m
[2024-06-05T02:27:39.806Z] [34mdebug[39m: 	[34mrequest received: [39m
[2024-06-05T02:27:39.816Z] [32minfo[39m: 	[32mresponse sent[39m
[2024-06-05T02:28:22.158Z] [34mdebug[39m: 	[34mrequest received: [39m
[2024-06-05T02:28:22.165Z] [32minfo[39m: 	[32mresponse sent[39m
[2024-06-05T02:28:22.295Z] [34mdebug[39m: 	[34mrequest received: [39m
[2024-06-05T02:28:22.300Z] [32minfo[39m: 	[32mresponse sent[39m
[2024-06-05T02:28:32.643Z] [34mdebug[39m: 	[34mrequest received: [39m
[2024-06-05T02:28:32.656Z] [32minfo[39m: 	[32mresponse sent[39m
[2024-06-05T02:28:32.880Z] [34mdebug[39m: 	[34mrequest received: [39m
[2024-06-05T02:28:32.893Z] [32minfo[39m: 	[32mresponse sent[39m
[2024-06-05T02:28:38.179Z] [34mdebug[39m: 	[34mrequest received: [39m
[2024-06-05T02:28:38.192Z] [32minfo[39m: 	[32mresponse sent[39m
[2024-06-05T02:28:50.959Z] [34mdebug[39m: 	[34mrequest received: [39m
[2024-06-05T02:28:50.971Z] [32minfo[39m: 	[32mresponse sent[39m
[2024-06-05T02:29:10.399Z] [34mdebug[39m: 	[34mrequest received: [39m
[2024-06-05T02:29:10.412Z] [32minfo[39m: 	[32mresponse sent[39m
[2024-06-05T02:29:27.514Z] [34mdebug[39m: 	[34mrequest received: [39m
[2024-06-05T02:29:27.520Z] [32minfo[39m: 	[32mresponse sent[39m
[2024-06-05T02:29:33.585Z] [34mdebug[39m: 	[34mrequest received: [39m
[2024-06-05T02:29:33.590Z] [32minfo[39m: 	[32mresponse sent[39m
[2024-06-05T02:29:48.431Z] [34mdebug[39m: 	[34mrequest received: [39m
[2024-06-05T02:29:48.435Z] [32minfo[39m: 	[32mresponse sent[39m
[2024-06-05T02:29:50.837Z] [34mdebug[39m: 	[34mrequest received: [39m
[2024-06-05T02:29:50.841Z] [32minfo[39m: 	[32mresponse sent[39m
[2024-06-05T02:29:53.962Z] [34mdebug[39m: 	[34mrequest received: [39m
[2024-06-05T02:29:53.968Z] [32minfo[39m: 	[32mresponse sent[39m
[2024-06-05T02:29:56.232Z] [34mdebug[39m: 	[34mrequest received: [39m
[2024-06-05T02:29:56.239Z] [32minfo[39m: 	[32mresponse sent[39m
[2024-06-05T02:29:58.551Z] [34mdebug[39m: 	[34mrequest received: [39m
[2024-06-05T02:29:58.554Z] [32minfo[39m: 	[32mresponse sent[39m
[2024-06-05T02:30:01.469Z] [34mdebug[39m: 	[34mrequest received: [39m
[2024-06-05T02:30:01.473Z] [32minfo[39m: 	[32mresponse sent[39m
[2024-06-05T02:30:05.477Z] [34mdebug[39m: 	[34mrequest received: [39m
[2024-06-05T02:30:05.481Z] [32minfo[39m: 	[32mresponse sent[39m
[2024-06-05T02:30:10.310Z] [34mdebug[39m: 	[34mrequest received: [39m
[2024-06-05T02:30:10.317Z] [32minfo[39m: 	[32mresponse sent[39m
[2024-06-05T02:30:22.551Z] [34mdebug[39m: 	[34mrequest received: [39m
[2024-06-05T02:30:22.558Z] [32minfo[39m: 	[32mresponse sent[39m
[2024-06-05T02:30:25.259Z] [34mdebug[39m: 	[34mrequest received: [39m
[2024-06-05T02:30:25.266Z] [32minfo[39m: 	[32mresponse sent[39m
[2024-06-05T02:30:26.730Z] [34mdebug[39m: 	[34mrequest received: [39m
[2024-06-05T02:30:26.735Z] [32minfo[39m: 	[32mresponse sent[39m
[2024-06-05T02:32:02.777Z] [34mdebug[39m: 	[34mrequest received: [39m
[2024-06-05T02:32:02.786Z] [32minfo[39m: 	[32mresponse sent[39m
[2024-06-05T02:32:16.202Z] [34mdebug[39m: 	[34mrequest received: [39m
[2024-06-05T02:32:16.209Z] [32minfo[39m: 	[32mresponse sent[39m
[2024-06-05T02:32:37.619Z] [34mdebug[39m: 	[34mrequest received: [39m
[2024-06-05T02:32:37.633Z] [32minfo[39m: 	[32mresponse sent[39m
[2024-06-05T02:32:40.696Z] [34mdebug[39m: 	[34mrequest received: [39m
[2024-06-05T02:32:40.705Z] [32minfo[39m: 	[32mresponse sent[39m
[2024-06-05T02:32:43.440Z] [34mdebug[39m: 	[34mrequest received: [39m
[2024-06-05T02:32:43.450Z] [32minfo[39m: 	[32mresponse sent[39m
[2024-06-05T02:32:52.055Z] [34mdebug[39m: 	[34mrequest received: [39m
[2024-06-05T02:32:52.067Z] [32minfo[39m: 	[32mresponse sent[39m
[2024-06-05T02:32:57.719Z] [34mdebug[39m: 	[34mrequest received: [39m
[2024-06-05T02:32:57.731Z] [32minfo[39m: 	[32mresponse sent[39m
[2024-06-05T02:32:59.714Z] [34mdebug[39m: 	[34mrequest received: [39m
[2024-06-05T02:32:59.723Z] [32minfo[39m: 	[32mresponse sent[39m
[2024-06-05T02:38:38.613Z] [32minfo[39m: 	[32mMongoDB connected[39m
[2024-06-05T02:44:23.126Z] [32minfo[39m: 	[32mMongoDB connected[39m
[2024-06-05T02:44:23.129Z] [32minfo[39m: 	[32mSuccessfully connected to MongoDB[39m
[2024-06-05T02:44:23.134Z] [32minfo[39m: 	[32mServer is listening on port: 3003[39m
[2024-06-05T02:44:49.925Z] [34mdebug[39m: 	[34mrequest received: [39m
[2024-06-05T02:44:49.942Z] [32minfo[39m: 	[32mresponse sent[39m
[2024-06-05T02:45:36.565Z] [34mdebug[39m: 	[34mrequest received: [39m
[2024-06-05T02:45:36.580Z] [32minfo[39m: 	[32mresponse sent[39m
[2024-06-05T02:45:42.384Z] [34mdebug[39m: 	[34mrequest received: [39m
[2024-06-05T02:45:42.399Z] [32minfo[39m: 	[32mresponse sent[39m
[2024-06-05T02:45:44.958Z] [34mdebug[39m: 	[34mrequest received: [39m
[2024-06-05T02:45:44.968Z] [32minfo[39m: 	[32mresponse sent[39m
[2024-06-05T02:45:51.386Z] [34mdebug[39m: 	[34mrequest received: [39m
[2024-06-05T02:45:51.394Z] [32minfo[39m: 	[32mresponse sent[39m
[2024-06-05T02:45:56.349Z] [34mdebug[39m: 	[34mrequest received: [39m
[2024-06-05T02:45:56.356Z] [32minfo[39m: 	[32mresponse sent[39m
[2024-06-05T02:46:10.946Z] [34mdebug[39m: 	[34mrequest received: [39m
[2024-06-05T02:46:10.950Z] [32minfo[39m: 	[32mresponse sent[39m
[2024-06-05T02:46:13.351Z] [34mdebug[39m: 	[34mrequest received: [39m
[2024-06-05T02:46:13.360Z] [32minfo[39m: 	[32mresponse sent[39m
[2024-06-05T02:46:30.036Z] [34mdebug[39m: 	[34mrequest received: [39m
[2024-06-05T02:46:30.046Z] [32minfo[39m: 	[32mresponse sent[39m
[2024-06-05T02:46:31.640Z] [34mdebug[39m: 	[34mrequest received: [39m
[2024-06-05T02:46:31.646Z] [32minfo[39m: 	[32mresponse sent[39m
[2024-06-05T02:46:37.321Z] [34mdebug[39m: 	[34mrequest received: [39m
[2024-06-05T02:46:37.330Z] [32minfo[39m: 	[32mresponse sent[39m
[2024-06-05T02:46:37.933Z] [34mdebug[39m: 	[34mrequest received: [39m
[2024-06-05T02:46:37.940Z] [32minfo[39m: 	[32mresponse sent[39m
[2024-06-05T02:46:49.534Z] [34mdebug[39m: 	[34mrequest received: [39m
[2024-06-05T02:46:49.542Z] [32minfo[39m: 	[32mresponse sent[39m
[2024-06-05T02:46:50.125Z] [34mdebug[39m: 	[34mrequest received: [39m
[2024-06-05T02:46:50.134Z] [32minfo[39m: 	[32mresponse sent[39m
[2024-06-05T02:46:50.216Z] [34mdebug[39m: 	[34mrequest received: [39m
[2024-06-05T02:46:50.224Z] [32minfo[39m: 	[32mresponse sent[39m
[2024-06-05T02:46:50.843Z] [34mdebug[39m: 	[34mrequest received: [39m
[2024-06-05T02:46:50.850Z] [32minfo[39m: 	[32mresponse sent[39m
[2024-06-05T02:47:01.706Z] [34mdebug[39m: 	[34mrequest received: [39m
[2024-06-05T02:47:01.715Z] [32minfo[39m: 	[32mresponse sent[39m
[2024-06-05T02:47:41.823Z] [34mdebug[39m: 	[34mrequest received: [39m
[2024-06-05T02:47:41.830Z] [32minfo[39m: 	[32mresponse sent[39m
[2024-06-05T02:47:43.684Z] [34mdebug[39m: 	[34mrequest received: [39m
[2024-06-05T02:47:43.689Z] [32minfo[39m: 	[32mresponse sent[39m
[2024-06-05T02:47:46.098Z] [34mdebug[39m: 	[34mrequest received: [39m
[2024-06-05T02:47:46.103Z] [32minfo[39m: 	[32mresponse sent[39m
[2024-06-05T02:47:49.381Z] [34mdebug[39m: 	[34mrequest received: [39m
[2024-06-05T02:47:49.387Z] [32minfo[39m: 	[32mresponse sent[39m
[2024-06-05T02:48:05.124Z] [34mdebug[39m: 	[34mrequest received: [39m
[2024-06-05T02:48:05.129Z] [32minfo[39m: 	[32mresponse sent[39m
[2024-06-05T02:48:07.474Z] [34mdebug[39m: 	[34mrequest received: [39m
[2024-06-05T02:48:07.479Z] [32minfo[39m: 	[32mresponse sent[39m
[2024-06-05T02:48:09.086Z] [34mdebug[39m: 	[34mrequest received: [39m
[2024-06-05T02:48:09.093Z] [32minfo[39m: 	[32mresponse sent[39m
[2024-06-05T02:48:11.239Z] [34mdebug[39m: 	[34mrequest received: [39m
[2024-06-05T02:48:11.246Z] [32minfo[39m: 	[32mresponse sent[39m
[2024-06-05T02:48:16.825Z] [34mdebug[39m: 	[34mrequest received: [39m
[2024-06-05T02:48:16.831Z] [32minfo[39m: 	[32mresponse sent[39m
[2024-06-05T02:48:18.188Z] [34mdebug[39m: 	[34mrequest received: [39m
[2024-06-05T02:48:18.202Z] [32minfo[39m: 	[32mresponse sent[39m
[2024-06-05T02:48:20.009Z] [34mdebug[39m: 	[34mrequest received: [39m
[2024-06-05T02:48:20.016Z] [32minfo[39m: 	[32mresponse sent[39m
[2024-06-05T02:48:20.735Z] [34mdebug[39m: 	[34mrequest received: [39m
[2024-06-05T02:48:20.740Z] [32minfo[39m: 	[32mresponse sent[39m
[2024-06-05T02:48:25.630Z] [34mdebug[39m: 	[34mrequest received: [39m
[2024-06-05T02:48:25.636Z] [32minfo[39m: 	[32mresponse sent[39m
[2024-06-05T02:48:55.609Z] [34mdebug[39m: 	[34mrequest received: [39m
[2024-06-05T02:48:55.615Z] [32minfo[39m: 	[32mresponse sent[39m
[2024-06-05T02:48:56.957Z] [34mdebug[39m: 	[34mrequest received: [39m
[2024-06-05T02:48:56.961Z] [32minfo[39m: 	[32mresponse sent[39m
[2024-06-05T02:48:59.379Z] [34mdebug[39m: 	[34mrequest received: [39m
[2024-06-05T02:48:59.384Z] [32minfo[39m: 	[32mresponse sent[39m
[2024-06-05T02:48:59.852Z] [34mdebug[39m: 	[34mrequest received: [39m
[2024-06-05T02:48:59.857Z] [32minfo[39m: 	[32mresponse sent[39m
[2024-06-05T02:49:01.026Z] [34mdebug[39m: 	[34mrequest received: [39m
[2024-06-05T02:49:01.031Z] [32minfo[39m: 	[32mresponse sent[39m
[2024-06-05T02:49:02.737Z] [34mdebug[39m: 	[34mrequest received: [39m
[2024-06-05T02:49:02.742Z] [32minfo[39m: 	[32mresponse sent[39m
[2024-06-05T02:49:03.929Z] [34mdebug[39m: 	[34mrequest received: [39m
[2024-06-05T02:49:03.934Z] [32minfo[39m: 	[32mresponse sent[39m
[2024-06-05T02:49:08.779Z] [34mdebug[39m: 	[34mrequest received: [39m
[2024-06-05T02:49:08.785Z] [32minfo[39m: 	[32mresponse sent[39m
[2024-06-05T02:49:09.459Z] [34mdebug[39m: 	[34mrequest received: [39m
[2024-06-05T02:49:09.465Z] [32minfo[39m: 	[32mresponse sent[39m
[2024-06-05T02:49:10.644Z] [34mdebug[39m: 	[34mrequest received: [39m
[2024-06-05T02:49:10.649Z] [32minfo[39m: 	[32mresponse sent[39m
[2024-06-05T02:49:12.905Z] [34mdebug[39m: 	[34mrequest received: [39m
[2024-06-05T02:49:12.912Z] [32minfo[39m: 	[32mresponse sent[39m
[2024-06-05T02:49:22.466Z] [34mdebug[39m: 	[34mrequest received: [39m
[2024-06-05T02:49:22.473Z] [32minfo[39m: 	[32mresponse sent[39m
[2024-06-05T02:49:25.458Z] [34mdebug[39m: 	[34mrequest received: [39m
[2024-06-05T02:49:25.464Z] [32minfo[39m: 	[32mresponse sent[39m
[2024-06-05T02:49:28.515Z] [34mdebug[39m: 	[34mrequest received: [39m
[2024-06-05T02:49:28.520Z] [32minfo[39m: 	[32mresponse sent[39m
[2024-06-05T02:49:32.295Z] [34mdebug[39m: 	[34mrequest received: [39m
[2024-06-05T02:49:32.302Z] [32minfo[39m: 	[32mresponse sent[39m
[2024-06-05T02:49:44.850Z] [34mdebug[39m: 	[34mrequest received: [39m
[2024-06-05T02:49:44.855Z] [32minfo[39m: 	[32mresponse sent[39m
[2024-06-05T02:49:50.032Z] [34mdebug[39m: 	[34mrequest received: [39m
[2024-06-05T02:49:50.036Z] [32minfo[39m: 	[32mresponse sent[39m
[2024-06-05T02:50:01.196Z] [34mdebug[39m: 	[34mrequest received: [39m
[2024-06-05T02:50:01.200Z] [32minfo[39m: 	[32mresponse sent[39m
[2024-06-05T02:50:04.497Z] [34mdebug[39m: 	[34mrequest received: [39m
[2024-06-05T02:50:04.508Z] [32minfo[39m: 	[32mresponse sent[39m
[2024-06-05T02:50:07.605Z] [34mdebug[39m: 	[34mrequest received: [39m
[2024-06-05T02:50:07.611Z] [32minfo[39m: 	[32mresponse sent[39m
[2024-06-05T02:50:15.821Z] [34mdebug[39m: 	[34mrequest received: [39m
[2024-06-05T02:50:15.826Z] [32minfo[39m: 	[32mresponse sent[39m
[2024-06-05T02:50:20.876Z] [34mdebug[39m: 	[34mrequest received: [39m
[2024-06-05T02:50:20.881Z] [32minfo[39m: 	[32mresponse sent[39m
[2024-06-05T02:50:24.752Z] [34mdebug[39m: 	[34mrequest received: [39m
[2024-06-05T02:50:24.758Z] [32minfo[39m: 	[32mresponse sent[39m
[2024-06-05T02:50:45.248Z] [34mdebug[39m: 	[34mrequest received: [39m
[2024-06-05T02:50:45.254Z] [32minfo[39m: 	[32mresponse sent[39m
[2024-06-05T02:50:54.380Z] [34mdebug[39m: 	[34mrequest received: [39m
[2024-06-05T02:50:54.387Z] [32minfo[39m: 	[32mresponse sent[39m
[2024-06-05T02:50:55.410Z] [34mdebug[39m: 	[34mrequest received: [39m
[2024-06-05T02:50:55.417Z] [32minfo[39m: 	[32mresponse sent[39m
[2024-06-05T02:51:03.502Z] [34mdebug[39m: 	[34mrequest received: [39m
[2024-06-05T02:51:03.507Z] [32minfo[39m: 	[32mresponse sent[39m
[2024-06-05T02:51:04.711Z] [34mdebug[39m: 	[34mrequest received: [39m
[2024-06-05T02:51:04.716Z] [32minfo[39m: 	[32mresponse sent[39m
[2024-06-05T02:52:18.104Z] [34mdebug[39m: 	[34mrequest received: [39m
[2024-06-05T02:52:18.109Z] [32minfo[39m: 	[32mresponse sent[39m
[2024-06-05T02:52:20.597Z] [34mdebug[39m: 	[34mrequest received: [39m
[2024-06-05T02:52:20.601Z] [32minfo[39m: 	[32mresponse sent[39m
[2024-06-05T02:52:26.368Z] [34mdebug[39m: 	[34mrequest received: [39m
[2024-06-05T02:52:26.375Z] [32minfo[39m: 	[32mresponse sent[39m
[2024-06-05T02:52:29.534Z] [34mdebug[39m: 	[34mrequest received: [39m
[2024-06-05T02:52:29.539Z] [32minfo[39m: 	[32mresponse sent[39m
[2024-06-05T02:52:33.926Z] [34mdebug[39m: 	[34mrequest received: [39m
[2024-06-05T02:52:33.929Z] [32minfo[39m: 	[32mresponse sent[39m
[2024-06-05T02:52:36.476Z] [34mdebug[39m: 	[34mrequest received: [39m
[2024-06-05T02:52:36.481Z] [32minfo[39m: 	[32mresponse sent[39m
[2024-06-05T02:52:38.139Z] [34mdebug[39m: 	[34mrequest received: [39m
[2024-06-05T02:52:38.144Z] [32minfo[39m: 	[32mresponse sent[39m
[2024-06-05T02:52:41.447Z] [34mdebug[39m: 	[34mrequest received: [39m
[2024-06-05T02:52:41.451Z] [32minfo[39m: 	[32mresponse sent[39m
[2024-06-05T02:52:42.559Z] [34mdebug[39m: 	[34mrequest received: [39m
[2024-06-05T02:52:42.563Z] [32minfo[39m: 	[32mresponse sent[39m
[2024-06-05T02:52:50.059Z] [34mdebug[39m: 	[34mrequest received: [39m
[2024-06-05T02:52:50.064Z] [32minfo[39m: 	[32mresponse sent[39m
[2024-06-05T02:52:54.400Z] [34mdebug[39m: 	[34mrequest received: [39m
[2024-06-05T02:52:54.404Z] [32minfo[39m: 	[32mresponse sent[39m
[2024-06-05T02:52:57.044Z] [34mdebug[39m: 	[34mrequest received: [39m
[2024-06-05T02:52:57.049Z] [32minfo[39m: 	[32mresponse sent[39m
[2024-06-05T02:53:01.353Z] [34mdebug[39m: 	[34mrequest received: [39m
[2024-06-05T02:53:01.358Z] [32minfo[39m: 	[32mresponse sent[39m
[2024-06-05T02:53:05.634Z] [34mdebug[39m: 	[34mrequest received: [39m
[2024-06-05T02:53:05.643Z] [32minfo[39m: 	[32mresponse sent[39m
[2024-06-05T02:53:07.235Z] [34mdebug[39m: 	[34mrequest received: [39m
[2024-06-05T02:53:07.240Z] [32minfo[39m: 	[32mresponse sent[39m
[2024-06-05T02:53:11.125Z] [34mdebug[39m: 	[34mrequest received: [39m
[2024-06-05T02:53:11.131Z] [32minfo[39m: 	[32mresponse sent[39m
[2024-06-05T02:53:13.901Z] [34mdebug[39m: 	[34mrequest received: [39m
[2024-06-05T02:53:13.905Z] [32minfo[39m: 	[32mresponse sent[39m
[2024-06-05T02:53:19.986Z] [34mdebug[39m: 	[34mrequest received: [39m
[2024-06-05T02:53:19.991Z] [32minfo[39m: 	[32mresponse sent[39m
[2024-06-05T02:53:23.093Z] [34mdebug[39m: 	[34mrequest received: [39m
[2024-06-05T02:53:23.097Z] [32minfo[39m: 	[32mresponse sent[39m
[2024-06-05T02:53:25.016Z] [34mdebug[39m: 	[34mrequest received: [39m
[2024-06-05T02:53:25.021Z] [32minfo[39m: 	[32mresponse sent[39m
[2024-06-05T02:53:30.505Z] [34mdebug[39m: 	[34mrequest received: [39m
[2024-06-05T02:53:30.509Z] [32minfo[39m: 	[32mresponse sent[39m
[2024-06-05T02:53:32.077Z] [34mdebug[39m: 	[34mrequest received: [39m
[2024-06-05T02:53:32.083Z] [32minfo[39m: 	[32mresponse sent[39m
[2024-06-05T02:53:34.967Z] [34mdebug[39m: 	[34mrequest received: [39m
[2024-06-05T02:53:34.972Z] [32minfo[39m: 	[32mresponse sent[39m
[2024-06-05T02:53:50.149Z] [34mdebug[39m: 	[34mrequest received: [39m
[2024-06-05T02:53:50.156Z] [32minfo[39m: 	[32mresponse sent[39m
[2024-06-05T02:54:34.639Z] [34mdebug[39m: 	[34mrequest received: [39m
[2024-06-05T02:54:34.647Z] [32minfo[39m: 	[32mresponse sent[39m
[2024-06-05T02:54:38.495Z] [34mdebug[39m: 	[34mrequest received: [39m
[2024-06-05T02:54:38.500Z] [32minfo[39m: 	[32mresponse sent[39m
[2024-06-05T02:55:02.493Z] [34mdebug[39m: 	[34mrequest received: [39m
[2024-06-05T02:55:02.504Z] [32minfo[39m: 	[32mresponse sent[39m
[2024-06-05T02:55:11.042Z] [34mdebug[39m: 	[34mrequest received: [39m
[2024-06-05T02:55:11.047Z] [32minfo[39m: 	[32mresponse sent[39m
[2024-06-05T02:55:43.522Z] [34mdebug[39m: 	[34mrequest received: [39m
[2024-06-05T02:55:43.527Z] [32minfo[39m: 	[32mresponse sent[39m
[2024-06-05T02:55:44.504Z] [34mdebug[39m: 	[34mrequest received: [39m
[2024-06-05T02:55:44.509Z] [32minfo[39m: 	[32mresponse sent[39m
[2024-06-05T02:56:03.090Z] [34mdebug[39m: 	[34mrequest received: [39m
[2024-06-05T02:56:03.095Z] [32minfo[39m: 	[32mresponse sent[39m
[2024-06-05T02:56:08.523Z] [34mdebug[39m: 	[34mrequest received: [39m
[2024-06-05T02:56:08.529Z] [32minfo[39m: 	[32mresponse sent[39m
[2024-06-05T02:56:19.630Z] [34mdebug[39m: 	[34mrequest received: [39m
[2024-06-05T02:56:19.635Z] [32minfo[39m: 	[32mresponse sent[39m
[2024-06-05T02:56:21.196Z] [34mdebug[39m: 	[34mrequest received: [39m
[2024-06-05T02:56:21.202Z] [32minfo[39m: 	[32mresponse sent[39m
[2024-06-05T02:56:23.651Z] [34mdebug[39m: 	[34mrequest received: [39m
[2024-06-05T02:56:23.660Z] [32minfo[39m: 	[32mresponse sent[39m
[2024-06-05T02:56:26.348Z] [34mdebug[39m: 	[34mrequest received: [39m
[2024-06-05T02:56:26.355Z] [32minfo[39m: 	[32mresponse sent[39m
[2024-06-05T02:56:28.762Z] [34mdebug[39m: 	[34mrequest received: [39m
[2024-06-05T02:56:28.768Z] [32minfo[39m: 	[32mresponse sent[39m
[2024-06-05T02:56:40.516Z] [34mdebug[39m: 	[34mrequest received: [39m
[2024-06-05T02:56:40.524Z] [32minfo[39m: 	[32mresponse sent[39m
[2024-06-05T02:56:40.653Z] [34mdebug[39m: 	[34mrequest received: [39m
[2024-06-05T02:56:40.660Z] [32minfo[39m: 	[32mresponse sent[39m
[2024-06-05T02:57:07.909Z] [34mdebug[39m: 	[34mrequest received: [39m
[2024-06-05T02:57:07.913Z] [32minfo[39m: 	[32mresponse sent[39m
[2024-06-05T02:57:08.138Z] [34mdebug[39m: 	[34mrequest received: [39m
[2024-06-05T02:57:08.142Z] [32minfo[39m: 	[32mresponse sent[39m
[2024-06-05T02:59:05.060Z] [34mdebug[39m: 	[34mrequest received: [39m
[2024-06-05T02:59:05.065Z] [32minfo[39m: 	[32mresponse sent[39m
[2024-06-05T02:59:50.697Z] [34mdebug[39m: 	[34mrequest received: [39m
[2024-06-05T02:59:50.711Z] [32minfo[39m: 	[32mresponse sent[39m
[2024-06-05T02:59:57.248Z] [34mdebug[39m: 	[34mrequest received: [39m
[2024-06-05T02:59:57.253Z] [32minfo[39m: 	[32mresponse sent[39m
[2024-06-05T03:00:14.717Z] [34mdebug[39m: 	[34mrequest received: [39m
[2024-06-05T03:00:14.724Z] [32minfo[39m: 	[32mresponse sent[39m
[2024-06-05T03:00:17.124Z] [34mdebug[39m: 	[34mrequest received: [39m
[2024-06-05T03:00:17.136Z] [32minfo[39m: 	[32mresponse sent[39m
[2024-06-05T03:00:33.542Z] [34mdebug[39m: 	[34mrequest received: [39m
[2024-06-05T03:00:33.553Z] [32minfo[39m: 	[32mresponse sent[39m
[2024-06-05T03:00:37.944Z] [34mdebug[39m: 	[34mrequest received: [39m
[2024-06-05T03:00:37.955Z] [32minfo[39m: 	[32mresponse sent[39m
[2024-06-05T03:00:42.032Z] [34mdebug[39m: 	[34mrequest received: [39m
[2024-06-05T03:00:42.048Z] [32minfo[39m: 	[32mresponse sent[39m
[2024-06-05T03:01:04.755Z] [34mdebug[39m: 	[34mrequest received: [39m
[2024-06-05T03:01:04.760Z] [32minfo[39m: 	[32mresponse sent[39m
[2024-06-05T03:01:11.234Z] [34mdebug[39m: 	[34mrequest received: [39m
[2024-06-05T03:01:11.240Z] [32minfo[39m: 	[32mresponse sent[39m
[2024-06-05T03:01:12.986Z] [34mdebug[39m: 	[34mrequest received: [39m
[2024-06-05T03:01:12.992Z] [32minfo[39m: 	[32mresponse sent[39m
[2024-06-05T03:01:17.548Z] [34mdebug[39m: 	[34mrequest received: [39m
[2024-06-05T03:01:17.555Z] [32minfo[39m: 	[32mresponse sent[39m
[2024-06-05T03:01:21.213Z] [34mdebug[39m: 	[34mrequest received: [39m
[2024-06-05T03:01:21.221Z] [32minfo[39m: 	[32mresponse sent[39m
[2024-06-05T03:01:24.181Z] [34mdebug[39m: 	[34mrequest received: [39m
[2024-06-05T03:01:24.190Z] [32minfo[39m: 	[32mresponse sent[39m
[2024-06-05T03:01:29.025Z] [34mdebug[39m: 	[34mrequest received: [39m
[2024-06-05T03:01:29.030Z] [32minfo[39m: 	[32mresponse sent[39m
[2024-06-05T03:01:32.248Z] [34mdebug[39m: 	[34mrequest received: [39m
[2024-06-05T03:01:32.253Z] [32minfo[39m: 	[32mresponse sent[39m
[2024-06-05T03:01:36.084Z] [34mdebug[39m: 	[34mrequest received: [39m
[2024-06-05T03:01:36.091Z] [32minfo[39m: 	[32mresponse sent[39m
[2024-06-05T03:01:41.486Z] [34mdebug[39m: 	[34mrequest received: [39m
[2024-06-05T03:01:41.491Z] [32minfo[39m: 	[32mresponse sent[39m
[2024-06-05T03:01:53.976Z] [34mdebug[39m: 	[34mrequest received: [39m
[2024-06-05T03:01:53.982Z] [32minfo[39m: 	[32mresponse sent[39m
[2024-06-05T03:02:33.872Z] [34mdebug[39m: 	[34mrequest received: [39m
[2024-06-05T03:02:33.877Z] [32minfo[39m: 	[32mresponse sent[39m
[2024-06-05T03:02:36.321Z] [34mdebug[39m: 	[34mrequest received: [39m
[2024-06-05T03:02:36.324Z] [32minfo[39m: 	[32mresponse sent[39m
[2024-06-05T03:02:37.872Z] [34mdebug[39m: 	[34mrequest received: [39m
[2024-06-05T03:02:37.876Z] [32minfo[39m: 	[32mresponse sent[39m
[2024-06-05T03:02:45.337Z] [34mdebug[39m: 	[34mrequest received: [39m
[2024-06-05T03:02:45.343Z] [32minfo[39m: 	[32mresponse sent[39m
[2024-06-05T03:02:48.543Z] [34mdebug[39m: 	[34mrequest received: [39m
[2024-06-05T03:02:48.547Z] [32minfo[39m: 	[32mresponse sent[39m
[2024-06-05T03:02:58.189Z] [34mdebug[39m: 	[34mrequest received: [39m
[2024-06-05T03:02:58.195Z] [32minfo[39m: 	[32mresponse sent[39m
[2024-06-05T03:03:00.553Z] [34mdebug[39m: 	[34mrequest received: [39m
[2024-06-05T03:03:00.557Z] [32minfo[39m: 	[32mresponse sent[39m
[2024-06-05T03:05:29.430Z] [34mdebug[39m: 	[34mrequest received: [39m
[2024-06-05T03:05:29.451Z] [32minfo[39m: 	[32mresponse sent[39m
[2024-06-05T03:09:10.081Z] [34mdebug[39m: 	[34mrequest received: [39m
[2024-06-05T03:09:10.087Z] [32minfo[39m: 	[32mresponse sent[39m
[2024-06-05T03:09:12.772Z] [34mdebug[39m: 	[34mrequest received: [39m
[2024-06-05T03:09:12.780Z] [32minfo[39m: 	[32mresponse sent[39m
[2024-06-05T03:09:14.879Z] [34mdebug[39m: 	[34mrequest received: [39m
[2024-06-05T03:09:14.884Z] [32minfo[39m: 	[32mresponse sent[39m
[2024-06-05T03:09:17.490Z] [34mdebug[39m: 	[34mrequest received: [39m
[2024-06-05T03:09:17.497Z] [32minfo[39m: 	[32mresponse sent[39m
[2024-06-05T03:10:11.819Z] [34mdebug[39m: 	[34mrequest received: [39m
[2024-06-05T03:10:11.824Z] [32minfo[39m: 	[32mresponse sent[39m
[2024-06-05T03:12:10.710Z] [34mdebug[39m: 	[34mrequest received: [39m
[2024-06-05T03:12:10.727Z] [32minfo[39m: 	[32mresponse sent[39m
[2024-06-05T03:12:16.606Z] [34mdebug[39m: 	[34mrequest received: [39m
[2024-06-05T03:12:16.610Z] [32minfo[39m: 	[32mresponse sent[39m
[2024-06-06T01:47:25.442Z] [32minfo[39m: 	[32mMongoDB connected[39m
[2024-06-06T01:47:25.447Z] [32minfo[39m: 	[32mSuccessfully connected to MongoDB[39m
[2024-06-06T01:47:25.450Z] [32minfo[39m: 	[32mServer is listening on port: 3003[39m
[2024-06-06T01:47:36.115Z] [34mdebug[39m: 	[34mrequest received: [39m
[2024-06-06T01:47:36.132Z] [32minfo[39m: 	[32mresponse sent[39m
[2024-06-06T01:56:21.466Z] [34mdebug[39m: 	[34mrequest received: [39m
[2024-06-06T01:56:21.548Z] [32minfo[39m: 	[32mresponse sent[39m
[2024-06-06T01:56:45.788Z] [34mdebug[39m: 	[34mrequest received: [39m
[2024-06-06T01:56:45.799Z] [32minfo[39m: 	[32mresponse sent[39m
[2024-06-06T01:56:45.811Z] [34mdebug[39m: 	[34mrequest received: [39m
[2024-06-06T01:56:45.820Z] [32minfo[39m: 	[32mresponse sent[39m
[2024-06-06T01:56:46.202Z] [34mdebug[39m: 	[34mrequest received: [39m
[2024-06-06T01:56:46.209Z] [32minfo[39m: 	[32mresponse sent[39m
[2024-06-06T01:56:55.717Z] [34mdebug[39m: 	[34mrequest received: [39m
[2024-06-06T01:56:55.725Z] [32minfo[39m: 	[32mresponse sent[39m
[2024-06-06T01:57:51.343Z] [34mdebug[39m: 	[34mrequest received: [39m
[2024-06-06T01:57:51.358Z] [32minfo[39m: 	[32mresponse sent[39m
[2024-06-06T01:58:09.864Z] [34mdebug[39m: 	[34mrequest received: [39m
[2024-06-06T01:58:09.871Z] [32minfo[39m: 	[32mresponse sent[39m
[2024-06-06T01:58:10.475Z] [34mdebug[39m: 	[34mrequest received: [39m
[2024-06-06T01:58:10.483Z] [32minfo[39m: 	[32mresponse sent[39m
[2024-06-06T01:58:21.717Z] [34mdebug[39m: 	[34mrequest received: [39m
[2024-06-06T01:58:21.726Z] [32minfo[39m: 	[32mresponse sent[39m
[2024-06-06T01:58:24.578Z] [34mdebug[39m: 	[34mrequest received: [39m
[2024-06-06T01:58:24.585Z] [32minfo[39m: 	[32mresponse sent[39m
[2024-06-06T01:59:41.486Z] [34mdebug[39m: 	[34mrequest received: [39m
[2024-06-06T01:59:41.492Z] [32minfo[39m: 	[32mresponse sent[39m
[2024-06-06T01:59:46.433Z] [34mdebug[39m: 	[34mrequest received: [39m
[2024-06-06T01:59:46.438Z] [32minfo[39m: 	[32mresponse sent[39m
[2024-06-06T01:59:54.139Z] [34mdebug[39m: 	[34mrequest received: [39m
[2024-06-06T01:59:54.147Z] [32minfo[39m: 	[32mresponse sent[39m
[2024-06-06T01:59:58.463Z] [34mdebug[39m: 	[34mrequest received: [39m
[2024-06-06T01:59:58.487Z] [32minfo[39m: 	[32mresponse sent[39m
[2024-06-06T02:01:06.955Z] [34mdebug[39m: 	[34mrequest received: [39m
[2024-06-06T02:01:06.961Z] [32minfo[39m: 	[32mresponse sent[39m
[2024-06-06T02:01:12.366Z] [34mdebug[39m: 	[34mrequest received: [39m
[2024-06-06T02:01:12.373Z] [32minfo[39m: 	[32mresponse sent[39m
[2024-06-06T02:01:29.610Z] [34mdebug[39m: 	[34mrequest received: [39m
[2024-06-06T02:01:29.616Z] [32minfo[39m: 	[32mresponse sent[39m
[2024-06-06T02:01:49.954Z] [34mdebug[39m: 	[34mrequest received: [39m
[2024-06-06T02:01:49.966Z] [32minfo[39m: 	[32mresponse sent[39m
[2024-06-06T02:02:11.373Z] [34mdebug[39m: 	[34mrequest received: [39m
[2024-06-06T02:02:11.378Z] [32minfo[39m: 	[32mresponse sent[39m
[2024-06-06T02:02:19.883Z] [34mdebug[39m: 	[34mrequest received: [39m
[2024-06-06T02:02:19.890Z] [32minfo[39m: 	[32mresponse sent[39m
[2024-06-06T02:05:01.122Z] [34mdebug[39m: 	[34mrequest received: [39m
[2024-06-06T02:05:01.128Z] [32minfo[39m: 	[32mresponse sent[39m
[2024-06-06T02:07:09.292Z] [34mdebug[39m: 	[34mrequest received: [39m
[2024-06-06T02:07:09.297Z] [32minfo[39m: 	[32mresponse sent[39m
[2024-06-06T02:08:05.611Z] [34mdebug[39m: 	[34mrequest received: [39m
[2024-06-06T02:08:05.622Z] [32minfo[39m: 	[32mresponse sent[39m
